Log file open, 01/23/21 23:59:25
LogInit: Display: Running engine for game: blast
LogPlatformFile: Not using cached read wrapper
LogTaskGraph: Started task graph with 5 named threads and 20 total threads with 3 sets of task threads.
LogStats: Stats thread started at 0.163551
LogD3D11RHI: Loaded GFSDK_Aftermath_Lib.x64.dll
LogICUInternationalization: ICU TimeZone Detection - Raw Offset: +1:00, Platform Override: ''
LogPluginManager: Mounting plugin Paper2D
LogPluginManager: Mounting plugin AISupport
LogPluginManager: Mounting plugin LightPropagationVolume
LogPluginManager: Mounting plugin CameraShakePreviewer
LogPluginManager: Mounting plugin ActorLayerUtilities
LogPluginManager: Mounting plugin AnimationSharing
LogPluginManager: Mounting plugin CLionSourceCodeAccess
LogPluginManager: Mounting plugin CodeLiteSourceCodeAccess
LogPluginManager: Mounting plugin GitSourceControl
LogPluginManager: Mounting plugin KDevelopSourceCodeAccess
LogPluginManager: Mounting plugin NullSourceCodeAccess
LogPluginManager: Mounting plugin PerforceSourceControl
LogPluginManager: Mounting plugin PlasticSourceControl
LogPluginManager: Mounting plugin RiderSourceCodeAccess
LogPluginManager: Mounting plugin SubversionSourceControl
LogPluginManager: Mounting plugin UObjectPlugin
LogPluginManager: Mounting plugin VisualStudioCodeSourceCodeAccess
LogPluginManager: Mounting plugin VisualStudioSourceCodeAccess
LogPluginManager: Mounting plugin XCodeSourceCodeAccess
LogPluginManager: Mounting plugin AssetManagerEditor
LogPluginManager: Mounting plugin CryptoKeys
LogPluginManager: Mounting plugin CurveEditorTools
LogPluginManager: Mounting plugin DataValidation
LogPluginManager: Mounting plugin EditorScriptingUtilities
LogPluginManager: Mounting plugin FacialAnimation
LogPluginManager: Mounting plugin GameplayTagsEditor
LogPluginManager: Mounting plugin GeometryMode
LogPluginManager: Mounting plugin MacGraphicsSwitching
LogPluginManager: Mounting plugin MaterialAnalyzer
LogPluginManager: Mounting plugin MobileLauncherProfileWizard
LogPluginManager: Mounting plugin PluginBrowser
LogPluginManager: Mounting plugin SpeedTreeImporter
LogPluginManager: Mounting plugin DatasmithContent
LogPluginManager: Mounting plugin VariantManagerContent
LogPluginManager: Mounting plugin AlembicImporter
LogPluginManager: Mounting plugin AutomationUtils
LogPluginManager: Mounting plugin BackChannel
LogPluginManager: Mounting plugin ChaosCloth
LogPluginManager: Mounting plugin ChaosClothEditor
LogPluginManager: Mounting plugin ChaosEditor
LogPluginManager: Mounting plugin ChaosNiagara
LogPluginManager: Mounting plugin ChaosSolverPlugin
LogPluginManager: Mounting plugin CharacterAI
LogPluginManager: Mounting plugin GeometryCache
LogPluginManager: Mounting plugin GeometryCollectionPlugin
LogPluginManager: Mounting plugin GeometryProcessing
LogPluginManager: Mounting plugin PlanarCut
LogPluginManager: Mounting plugin PlatformCrypto
LogPluginManager: Mounting plugin ProxyLODPlugin
LogPluginManager: Mounting plugin SkeletalReduction
LogPluginManager: Mounting plugin Niagara
LogPluginManager: Mounting plugin MagicLeap
LogPluginManager: Mounting plugin MagicLeapLightEstimation
LogPluginManager: Mounting plugin MagicLeapMedia
LogPluginManager: Mounting plugin MagicLeapPassableWorld
LogPluginManager: Mounting plugin MLSDK
LogPluginManager: Mounting plugin AndroidMedia
LogPluginManager: Mounting plugin AvfMedia
LogPluginManager: Mounting plugin ImgMedia
LogPluginManager: Mounting plugin MediaCompositing
LogPluginManager: Mounting plugin MediaPlayerEditor
LogPluginManager: Mounting plugin WebMMedia
LogPluginManager: Mounting plugin WmfMedia
LogPluginManager: Mounting plugin MeshPainting
LogPluginManager: Mounting plugin TcpMessaging
LogPluginManager: Mounting plugin UdpMessaging
LogPluginManager: Mounting plugin ActorSequence
LogPluginManager: Mounting plugin LevelSequenceEditor
LogPluginManager: Mounting plugin MatineeToLevelSequence
LogPluginManager: Mounting plugin MovieRenderPipeline
LogPluginManager: Mounting plugin TemplateSequence
LogPluginManager: Mounting plugin NetcodeUnitTest
LogPluginManager: Mounting plugin NUTUnrealEngine4
LogPluginManager: Mounting plugin OnlineSubsystemGooglePlay
LogPluginManager: Mounting plugin OnlineSubsystemIOS
LogPluginManager: Mounting plugin OnlineSubsystem
LogPluginManager: Mounting plugin OnlineSubsystemNull
LogPluginManager: Mounting plugin OnlineSubsystemUtils
LogPluginManager: Mounting plugin LauncherChunkInstaller
LogPluginManager: Mounting plugin AndroidDeviceProfileSelector
LogPluginManager: Mounting plugin AndroidMoviePlayer
LogPluginManager: Mounting plugin AndroidPermission
LogPluginManager: Mounting plugin AppleImageUtils
LogPluginManager: Mounting plugin AppleMoviePlayer
LogPluginManager: Mounting plugin ArchVisCharacter
LogPluginManager: Mounting plugin AssetTags
LogPluginManager: Mounting plugin AudioCapture
LogPluginManager: Mounting plugin CableComponent
LogPluginManager: Mounting plugin CustomMeshComponent
LogPluginManager: Mounting plugin EditableMesh
LogPluginManager: Mounting plugin ExampleDeviceProfileSelector
LogPluginManager: Mounting plugin GoogleCloudMessaging
LogPluginManager: Mounting plugin GooglePAD
LogPluginManager: Mounting plugin IOSDeviceProfileSelector
LogPluginManager: Mounting plugin LinuxDeviceProfileSelector
LogPluginManager: Mounting plugin LocationServicesBPLibrary
LogPluginManager: Mounting plugin MobilePatchingUtils
LogPluginManager: Mounting plugin OculusVR
LogPluginManager: Mounting plugin PhysXVehicles
LogPluginManager: Mounting plugin PostSplashScreen
LogPluginManager: Mounting plugin ProceduralMeshComponent
LogPluginManager: Mounting plugin RuntimePhysXCooking
LogPluginManager: Mounting plugin SignificanceManager
LogPluginManager: Mounting plugin SoundFields
LogPluginManager: Mounting plugin SteamVR
LogPluginManager: Mounting plugin Synthesis
LogPluginManager: Mounting plugin WebMMoviePlayer
LogPluginManager: Mounting plugin WindowsMoviePlayer
LogPluginManager: Mounting plugin ScreenshotTools
LogInit: Using libcurl 7.55.1-DEV
LogInit:  - built for x86_64-pc-win32
LogInit:  - supports SSL with OpenSSL/1.1.1
LogInit:  - supports HTTP deflate (compression) using libz 1.2.8
LogInit:  - other features:
LogInit:      CURL_VERSION_SSL
LogInit:      CURL_VERSION_LIBZ
LogInit:      CURL_VERSION_IPV6
LogInit:      CURL_VERSION_ASYNCHDNS
LogInit:      CURL_VERSION_LARGEFILE
LogInit:      CURL_VERSION_IDN
LogInit:  CurlRequestOptions (configurable via config and command line):
LogInit:  - bVerifyPeer = true  - Libcurl will verify peer certificate
LogInit:  - bUseHttpProxy = false  - Libcurl will NOT use HTTP proxy
LogInit:  - bDontReuseConnections = false  - Libcurl will reuse connections
LogInit:  - MaxHostConnections = 16  - Libcurl will limit the number of connections to a host
LogInit:  - LocalHostAddr = Default
LogInit:  - BufferSize = 65536
LogOnline: OSS: Creating online subsystem instance for: NULL
LogInit: WinSock: version 1.1 (2.2), MaxSocks=32767, MaxUdp=65467
LogOnline: OSS: TryLoadSubsystemAndSetDefault: Loaded subsystem for module [NULL]
LogInit: Build: ++UE4+Release-4.25-CL-14469661
LogInit: Engine Version: 4.25.4-14469661+++UE4+Release-4.25
LogInit: Compatible Engine Version: 4.25.0-13144385+++UE4+Release-4.25
LogInit: Net CL: 13144385
LogInit: OS: Windows 10 (Release 1909) (), CPU: Intel(R) Core(TM) i5-8600K CPU @ 3.60GHz, GPU: NVIDIA GeForce GTX 1070
LogInit: Compiled (64-bit): Oct 11 2020 08:10:49
LogInit: Compiled with Visual C++: 19.24.28315.00
LogInit: Build Configuration: Development
LogInit: Branch Name: ++UE4+Release-4.25
LogInit: Command Line:  /Game/ThirdPersonBP/Maps/ThirdPersonExampleMap -game -PIEVIACONSOLE -Multiprocess GameUserSettingsINI=D:/UnrealProjects/blast/Saved/Config/Windows/PIEGameUserSettings0.ini -MultiprocessSaveConfig -MultiprocessOSS -messaging -SessionName="Play in Standalone Game" -featureleveles31 -faketouches -MultiprocessSaveConfig -windowed -ResX=1280 -ResY=720
LogInit: Base Directory: D:/UE_4.25/Engine/Binaries/Win64/
LogInit: Allocator: TBB
LogInit: Installed Engine Build: 1
LogDevObjectVersion: Number of dev versions registered: 26
LogDevObjectVersion:   Dev-Blueprints (B0D832E4-1F89-4F0D-ACCF-7EB736FD4AA2): 10
LogDevObjectVersion:   Dev-Build (E1C64328-A22C-4D53-A36C-8E866417BD8C): 0
LogDevObjectVersion:   Dev-Core (375EC13C-06E4-48FB-B500-84F0262A717E): 4
LogDevObjectVersion:   Dev-Editor (E4B068ED-F494-42E9-A231-DA0B2E46BB41): 38
LogDevObjectVersion:   Dev-Framework (CFFC743F-43B0-4480-9391-14DF171D2073): 37
LogDevObjectVersion:   Dev-Mobile (B02B49B5-BB20-44E9-A304-32B752E40360): 2
LogDevObjectVersion:   Dev-Networking (A4E4105C-59A1-49B5-A7C5-40C4547EDFEE): 0
LogDevObjectVersion:   Dev-Online (39C831C9-5AE6-47DC-9A44-9C173E1C8E7C): 0
LogDevObjectVersion:   Dev-Physics (78F01B33-EBEA-4F98-B9B4-84EACCB95AA2): 4
LogDevObjectVersion:   Dev-Platform (6631380F-2D4D-43E0-8009-CF276956A95A): 0
LogDevObjectVersion:   Dev-Rendering (12F88B9F-8875-4AFC-A67C-D90C383ABD29): 43
LogDevObjectVersion:   Dev-Sequencer (7B5AE74C-D270-4C10-A958-57980B212A5A): 12
LogDevObjectVersion:   Dev-VR (D7296918-1DD6-4BDD-9DE2-64A83CC13884): 3
LogDevObjectVersion:   Dev-LoadTimes (C2A15278-BFE7-4AFE-6C17-90FF531DF755): 1
LogDevObjectVersion:   Private-Geometry (6EACA3D4-40EC-4CC1-B786-8BED09428FC5): 3
LogDevObjectVersion:   Dev-AnimPhys (29E575DD-E0A3-4627-9D10-D276232CDCEA): 17
LogDevObjectVersion:   Dev-Anim (AF43A65D-7FD3-4947-9873-3E8ED9C1BB05): 7
LogDevObjectVersion:   Dev-ReflectionCapture (6B266CEC-1EC7-4B8F-A30B-E4D90942FC07): 1
LogDevObjectVersion:   Dev-Automation (0DF73D61-A23F-47EA-B727-89E90C41499A): 1
LogDevObjectVersion:   FortniteMain (601D1886-AC64-4F84-AA16-D3DE0DEAC7D6): 31
LogDevObjectVersion:   Dev-Enterprise (9DFFBCD6-494F-0158-E221-12823C92A888): 10
LogDevObjectVersion:   Dev-Niagara (F2AED0AC-9AFE-416F-8664-AA7FFA26D6FC): 1
LogDevObjectVersion:   Dev-Destruction (174F1F0B-B4C6-45A5-B13F-2EE8D0FB917D): 10
LogDevObjectVersion:   Dev-Physics-Ext (35F94A83-E258-406C-A318-09F59610247C): 37
LogDevObjectVersion:   Dev-PhysicsMaterial-Chaos (B68FC16E-8B1B-42E2-B453-215C058844FE): 1
LogDevObjectVersion:   Dev-CineCamera (B2E18506-4273-CFC2-A54E-F4BB758BBA07): 1
LogInit: Presizing for max 25165824 objects, including 0 objects not considered by GC, pre-allocating 0 bytes for permanent pool.
LogConfig: Applying CVar settings from Section [/Script/Engine.StreamingSettings] File [D:/UnrealProjects/blast/Saved/Config/Windows/Engine.ini]
LogConfig: Setting CVar [[s.MinBulkDataSizeForAsyncLoading:131072]]
LogConfig: Setting CVar [[s.AsyncLoadingThreadEnabled:0]]
LogConfig: Setting CVar [[s.EventDrivenLoaderEnabled:1]]
LogConfig: Setting CVar [[s.WarnIfTimeLimitExceeded:0]]
LogConfig: Setting CVar [[s.TimeLimitExceededMultiplier:1.5]]
LogConfig: Setting CVar [[s.TimeLimitExceededMinTime:0.005]]
LogConfig: Setting CVar [[s.UseBackgroundLevelStreaming:1]]
LogConfig: Setting CVar [[s.PriorityAsyncLoadingExtraTime:15.0]]
LogConfig: Setting CVar [[s.LevelStreamingActorsUpdateTimeLimit:5.0]]
LogConfig: Setting CVar [[s.PriorityLevelStreamingActorsUpdateExtraTime:5.0]]
LogConfig: Setting CVar [[s.LevelStreamingComponentsRegistrationGranularity:10]]
LogConfig: Setting CVar [[s.UnregisterComponentsTimeLimit:1.0]]
LogConfig: Setting CVar [[s.LevelStreamingComponentsUnregistrationGranularity:5]]
LogConfig: Setting CVar [[s.FlushStreamingOnExit:1]]
LogInit: Object subsystem initialized
LogConfig: Setting CVar [[con.DebugEarlyDefault:1]]
LogConfig: Setting CVar [[r.setres:1280x720]]
[2021.01.23-22.59.25:680][  0]LogConfig: Setting CVar [[con.DebugEarlyDefault:1]]
[2021.01.23-22.59.25:680][  0]LogConfig: Setting CVar [[r.setres:1280x720]]
[2021.01.23-22.59.25:680][  0]LogConfig: Applying CVar settings from Section [/Script/Engine.RendererSettings] File [D:/UnrealProjects/blast/Saved/Config/Windows/Engine.ini]
[2021.01.23-22.59.25:680][  0]LogConfig: Setting CVar [[r.GPUCrashDebugging:0]]
[2021.01.23-22.59.25:680][  0]LogConfig: Applying CVar settings from Section [/Script/Engine.RendererOverrideSettings] File [D:/UnrealProjects/blast/Saved/Config/Windows/Engine.ini]
[2021.01.23-22.59.25:680][  0]LogConfig: Applying CVar settings from Section [/Script/Engine.StreamingSettings] File [D:/UnrealProjects/blast/Saved/Config/Windows/Engine.ini]
[2021.01.23-22.59.25:680][  0]LogConfig: Setting CVar [[s.MinBulkDataSizeForAsyncLoading:131072]]
[2021.01.23-22.59.25:680][  0]LogConfig: Setting CVar [[s.AsyncLoadingThreadEnabled:0]]
[2021.01.23-22.59.25:680][  0]LogConfig: Setting CVar [[s.EventDrivenLoaderEnabled:1]]
[2021.01.23-22.59.25:680][  0]LogConfig: Setting CVar [[s.WarnIfTimeLimitExceeded:0]]
[2021.01.23-22.59.25:680][  0]LogConfig: Setting CVar [[s.TimeLimitExceededMultiplier:1.5]]
[2021.01.23-22.59.25:680][  0]LogConfig: Setting CVar [[s.TimeLimitExceededMinTime:0.005]]
[2021.01.23-22.59.25:680][  0]LogConfig: Setting CVar [[s.UseBackgroundLevelStreaming:1]]
[2021.01.23-22.59.25:680][  0]LogConfig: Setting CVar [[s.PriorityAsyncLoadingExtraTime:15.0]]
[2021.01.23-22.59.25:680][  0]LogConfig: Setting CVar [[s.LevelStreamingActorsUpdateTimeLimit:5.0]]
[2021.01.23-22.59.25:680][  0]LogConfig: Setting CVar [[s.PriorityLevelStreamingActorsUpdateExtraTime:5.0]]
[2021.01.23-22.59.25:680][  0]LogConfig: Setting CVar [[s.LevelStreamingComponentsRegistrationGranularity:10]]
[2021.01.23-22.59.25:680][  0]LogConfig: Setting CVar [[s.UnregisterComponentsTimeLimit:1.0]]
[2021.01.23-22.59.25:680][  0]LogConfig: Setting CVar [[s.LevelStreamingComponentsUnregistrationGranularity:5]]
[2021.01.23-22.59.25:680][  0]LogConfig: Setting CVar [[s.FlushStreamingOnExit:1]]
[2021.01.23-22.59.25:680][  0]LogConfig: Applying CVar settings from Section [/Script/Engine.GarbageCollectionSettings] File [D:/UnrealProjects/blast/Saved/Config/Windows/Engine.ini]
[2021.01.23-22.59.25:680][  0]LogConfig: Setting CVar [[gc.MaxObjectsNotConsideredByGC:1]]
[2021.01.23-22.59.25:680][  0]LogConfig: Setting CVar [[gc.SizeOfPermanentObjectPool:0]]
[2021.01.23-22.59.25:680][  0]LogConfig: Setting CVar [[gc.FlushStreamingOnGC:0]]
[2021.01.23-22.59.25:680][  0]LogConfig: Setting CVar [[gc.NumRetriesBeforeForcingGC:10]]
[2021.01.23-22.59.25:680][  0]LogConfig: Setting CVar [[gc.AllowParallelGC:1]]
[2021.01.23-22.59.25:680][  0]LogConfig: Setting CVar [[gc.TimeBetweenPurgingPendingKillObjects:61.1]]
[2021.01.23-22.59.25:680][  0]LogConfig: Setting CVar [[gc.MaxObjectsInEditor:25165824]]
[2021.01.23-22.59.25:680][  0]LogConfig: Setting CVar [[gc.IncrementalBeginDestroyEnabled:1]]
[2021.01.23-22.59.25:680][  0]LogConfig: Setting CVar [[gc.CreateGCClusters:1]]
[2021.01.23-22.59.25:680][  0]LogConfig: Setting CVar [[gc.MinGCClusterSize:5]]
[2021.01.23-22.59.25:680][  0]LogConfig: Setting CVar [[gc.ActorClusteringEnabled:0]]
[2021.01.23-22.59.25:680][  0]LogConfig: Setting CVar [[gc.BlueprintClusteringEnabled:0]]
[2021.01.23-22.59.25:680][  0]LogConfig: Setting CVar [[gc.UseDisregardForGCOnDedicatedServers:0]]
[2021.01.23-22.59.25:680][  0]LogConfig: Applying CVar settings from Section [/Script/Engine.NetworkSettings] File [D:/UnrealProjects/blast/Saved/Config/Windows/Engine.ini]
[2021.01.23-22.59.25:680][  0]LogConfig: Applying CVar settings from Section [/Script/UnrealEd.CookerSettings] File [D:/UnrealProjects/blast/Saved/Config/Windows/Engine.ini]
[2021.01.23-22.59.25:684][  0]LogConfig: Applying CVar settings from Section [ViewDistanceQuality@3] File [D:/UnrealProjects/blast/Saved/Config/Windows/Scalability.ini]
[2021.01.23-22.59.25:684][  0]LogConfig: Setting CVar [[r.SkeletalMeshLODBias:0]]
[2021.01.23-22.59.25:684][  0]LogConfig: Setting CVar [[r.ViewDistanceScale:1.0]]
[2021.01.23-22.59.25:684][  0]LogConfig: Applying CVar settings from Section [AntiAliasingQuality@3] File [D:/UnrealProjects/blast/Saved/Config/Windows/Scalability.ini]
[2021.01.23-22.59.25:684][  0]LogConfig: Setting CVar [[r.PostProcessAAQuality:4]]
[2021.01.23-22.59.25:684][  0]LogConfig: Applying CVar settings from Section [ShadowQuality@3] File [D:/UnrealProjects/blast/Saved/Config/Windows/Scalability.ini]
[2021.01.23-22.59.25:684][  0]LogConfig: Setting CVar [[r.LightFunctionQuality:1]]
[2021.01.23-22.59.25:684][  0]LogConfig: Setting CVar [[r.ShadowQuality:5]]
[2021.01.23-22.59.25:684][  0]LogConfig: Setting CVar [[r.Shadow.CSM.MaxCascades:10]]
[2021.01.23-22.59.25:684][  0]LogConfig: Setting CVar [[r.Shadow.MaxResolution:2048]]
[2021.01.23-22.59.25:684][  0]LogConfig: Setting CVar [[r.Shadow.MaxCSMResolution:2048]]
[2021.01.23-22.59.25:684][  0]LogConfig: Setting CVar [[r.Shadow.RadiusThreshold:0.01]]
[2021.01.23-22.59.25:684][  0]LogConfig: Setting CVar [[r.Shadow.DistanceScale:1.0]]
[2021.01.23-22.59.25:684][  0]LogConfig: Setting CVar [[r.Shadow.CSM.TransitionScale:1.0]]
[2021.01.23-22.59.25:684][  0]LogConfig: Setting CVar [[r.Shadow.PreShadowResolutionFactor:1.0]]
[2021.01.23-22.59.25:684][  0]LogConfig: Setting CVar [[r.DistanceFieldShadowing:1]]
[2021.01.23-22.59.25:684][  0]LogConfig: Setting CVar [[r.DistanceFieldAO:1]]
[2021.01.23-22.59.25:684][  0]LogConfig: Setting CVar [[r.AOQuality:2]]
[2021.01.23-22.59.25:684][  0]LogConfig: Setting CVar [[r.VolumetricFog:1]]
[2021.01.23-22.59.25:684][  0]LogConfig: Setting CVar [[r.VolumetricFog.GridPixelSize:8]]
[2021.01.23-22.59.25:685][  0]LogConfig: Setting CVar [[r.VolumetricFog.GridSizeZ:128]]
[2021.01.23-22.59.25:685][  0]LogConfig: Setting CVar [[r.VolumetricFog.HistoryMissSupersampleCount:4]]
[2021.01.23-22.59.25:685][  0]LogConfig: Setting CVar [[r.LightMaxDrawDistanceScale:1]]
[2021.01.23-22.59.25:685][  0]LogConfig: Setting CVar [[r.CapsuleShadows:1]]
[2021.01.23-22.59.25:685][  0]LogConfig: Applying CVar settings from Section [PostProcessQuality@3] File [D:/UnrealProjects/blast/Saved/Config/Windows/Scalability.ini]
[2021.01.23-22.59.25:685][  0]LogConfig: Setting CVar [[r.MotionBlurQuality:4]]
[2021.01.23-22.59.25:685][  0]LogConfig: Setting CVar [[r.AmbientOcclusionMipLevelFactor:0.4]]
[2021.01.23-22.59.25:685][  0]LogConfig: Setting CVar [[r.AmbientOcclusionMaxQuality:100]]
[2021.01.23-22.59.25:685][  0]LogConfig: Setting CVar [[r.AmbientOcclusionLevels:-1]]
[2021.01.23-22.59.25:685][  0]LogConfig: Setting CVar [[r.AmbientOcclusionRadiusScale:1.0]]
[2021.01.23-22.59.25:685][  0]LogConfig: Setting CVar [[r.DepthOfFieldQuality:2]]
[2021.01.23-22.59.25:685][  0]LogConfig: Setting CVar [[r.RenderTargetPoolMin:400]]
[2021.01.23-22.59.25:685][  0]LogConfig: Setting CVar [[r.LensFlareQuality:2]]
[2021.01.23-22.59.25:685][  0]LogConfig: Setting CVar [[r.SceneColorFringeQuality:1]]
[2021.01.23-22.59.25:685][  0]LogConfig: Setting CVar [[r.EyeAdaptationQuality:2]]
[2021.01.23-22.59.25:685][  0]LogConfig: Setting CVar [[r.BloomQuality:5]]
[2021.01.23-22.59.25:685][  0]LogConfig: Setting CVar [[r.FastBlurThreshold:100]]
[2021.01.23-22.59.25:685][  0]LogConfig: Setting CVar [[r.Upscale.Quality:3]]
[2021.01.23-22.59.25:685][  0]LogConfig: Setting CVar [[r.Tonemapper.GrainQuantization:1]]
[2021.01.23-22.59.25:685][  0]LogConfig: Setting CVar [[r.LightShaftQuality:1]]
[2021.01.23-22.59.25:685][  0]LogConfig: Setting CVar [[r.Filter.SizeScale:1]]
[2021.01.23-22.59.25:685][  0]LogConfig: Setting CVar [[r.Tonemapper.Quality:5]]
[2021.01.23-22.59.25:685][  0]LogConfig: Setting CVar [[r.DOF.Gather.AccumulatorQuality:1        ; higher gathering accumulator quality]]
[2021.01.23-22.59.25:685][  0]LogConfig: Setting CVar [[r.DOF.Gather.PostfilterMethod:1          ; Median3x3 postfilering method]]
[2021.01.23-22.59.25:685][  0]LogConfig: Setting CVar [[r.DOF.Gather.EnableBokehSettings:0       ; no bokeh simulation when gathering]]
[2021.01.23-22.59.25:685][  0]LogConfig: Setting CVar [[r.DOF.Gather.RingCount:4                 ; medium number of samples when gathering]]
[2021.01.23-22.59.25:685][  0]LogConfig: Setting CVar [[r.DOF.Scatter.ForegroundCompositing:1    ; additive foreground scattering]]
[2021.01.23-22.59.25:685][  0]LogConfig: Setting CVar [[r.DOF.Scatter.BackgroundCompositing:2    ; additive background scattering]]
[2021.01.23-22.59.25:685][  0]LogConfig: Setting CVar [[r.DOF.Scatter.EnableBokehSettings:1      ; bokeh simulation when scattering]]
[2021.01.23-22.59.25:685][  0]LogConfig: Setting CVar [[r.DOF.Scatter.MaxSpriteRatio:0.1         ; only a maximum of 10% of scattered bokeh]]
[2021.01.23-22.59.25:685][  0]LogConfig: Setting CVar [[r.DOF.Recombine.Quality:1                ; cheap slight out of focus]]
[2021.01.23-22.59.25:685][  0]LogConfig: Setting CVar [[r.DOF.Recombine.EnableBokehSettings:0    ; no bokeh simulation on slight out of focus]]
[2021.01.23-22.59.25:685][  0]LogConfig: Setting CVar [[r.DOF.TemporalAAQuality:1                ; more stable temporal accumulation]]
[2021.01.23-22.59.25:685][  0]LogConfig: Setting CVar [[r.DOF.Kernel.MaxForegroundRadius:0.025]]
[2021.01.23-22.59.25:685][  0]LogConfig: Setting CVar [[r.DOF.Kernel.MaxBackgroundRadius:0.025]]
[2021.01.23-22.59.25:685][  0]LogConfig: Applying CVar settings from Section [TextureQuality@3] File [D:/UnrealProjects/blast/Saved/Config/Windows/Scalability.ini]
[2021.01.23-22.59.25:685][  0]LogConfig: Setting CVar [[r.Streaming.MipBias:0]]
[2021.01.23-22.59.25:685][  0]LogConfig: Setting CVar [[r.Streaming.AmortizeCPUToGPUCopy:0]]
[2021.01.23-22.59.25:685][  0]LogConfig: Setting CVar [[r.Streaming.MaxNumTexturesToStreamPerFrame:0]]
[2021.01.23-22.59.25:685][  0]LogConfig: Setting CVar [[r.Streaming.Boost:1]]
[2021.01.23-22.59.25:685][  0]LogConfig: Setting CVar [[r.MaxAnisotropy:8]]
[2021.01.23-22.59.25:685][  0]LogConfig: Setting CVar [[r.VT.MaxAnisotropy:8]]
[2021.01.23-22.59.25:685][  0]LogConfig: Setting CVar [[r.Streaming.LimitPoolSizeToVRAM:0]]
[2021.01.23-22.59.25:685][  0]LogConfig: Setting CVar [[r.Streaming.PoolSize:1000]]
[2021.01.23-22.59.25:685][  0]LogConfig: Setting CVar [[r.Streaming.MaxEffectiveScreenSize:0]]
[2021.01.23-22.59.25:685][  0]LogConfig: Applying CVar settings from Section [EffectsQuality@3] File [D:/UnrealProjects/blast/Saved/Config/Windows/Scalability.ini]
[2021.01.23-22.59.25:685][  0]LogConfig: Setting CVar [[r.TranslucencyLightingVolumeDim:64]]
[2021.01.23-22.59.25:685][  0]LogConfig: Setting CVar [[r.RefractionQuality:2]]
[2021.01.23-22.59.25:685][  0]LogConfig: Setting CVar [[r.SSR.Quality:3]]
[2021.01.23-22.59.25:685][  0]LogConfig: Setting CVar [[r.SSR.HalfResSceneColor:0]]
[2021.01.23-22.59.25:685][  0]LogConfig: Setting CVar [[r.SceneColorFormat:4]]
[2021.01.23-22.59.25:685][  0]LogConfig: Setting CVar [[r.DetailMode:2]]
[2021.01.23-22.59.25:685][  0]LogConfig: Setting CVar [[r.TranslucencyVolumeBlur:1]]
[2021.01.23-22.59.25:685][  0]LogConfig: Setting CVar [[r.MaterialQualityLevel:1 ; High quality]]
[2021.01.23-22.59.25:685][  0]LogConfig: Setting CVar [[r.SSS.Scale:1]]
[2021.01.23-22.59.25:685][  0]LogConfig: Setting CVar [[r.SSS.SampleSet:2]]
[2021.01.23-22.59.25:685][  0]LogConfig: Setting CVar [[r.SSS.Quality:1]]
[2021.01.23-22.59.25:685][  0]LogConfig: Setting CVar [[r.SSS.HalfRes:0]]
[2021.01.23-22.59.25:685][  0]LogConfig: Setting CVar [[r.SSGI.Quality:3]]
[2021.01.23-22.59.25:685][  0]LogConfig: Setting CVar [[r.EmitterSpawnRateScale:1.0]]
[2021.01.23-22.59.25:685][  0]LogConfig: Setting CVar [[r.ParticleLightQuality:2]]
[2021.01.23-22.59.25:685][  0]LogConfig: Setting CVar [[r.SkyAtmosphere.AerialPerspectiveLUT.FastApplyOnOpaque:1 ; Always have FastSkyLUT 1 in this case to avoid wrong sky]]
[2021.01.23-22.59.25:685][  0]LogConfig: Setting CVar [[r.SkyAtmosphere.AerialPerspectiveLUT.SampleCountPerSlice:1]]
[2021.01.23-22.59.25:685][  0]LogConfig: Setting CVar [[r.SkyAtmosphere.AerialPerspectiveLUT.DepthResolution:16.0]]
[2021.01.23-22.59.25:685][  0]LogConfig: Setting CVar [[r.SkyAtmosphere.FastSkyLUT:1]]
[2021.01.23-22.59.25:685][  0]LogConfig: Setting CVar [[r.SkyAtmosphere.FastSkyLUT.SampleCountMin:4.0]]
[2021.01.23-22.59.25:685][  0]LogConfig: Setting CVar [[r.SkyAtmosphere.FastSkyLUT.SampleCountMax:32.0]]
[2021.01.23-22.59.25:685][  0]LogConfig: Setting CVar [[r.SkyAtmosphere.SampleCountMin:4.0]]
[2021.01.23-22.59.25:685][  0]LogConfig: Setting CVar [[r.SkyAtmosphere.SampleCountMax:32.0]]
[2021.01.23-22.59.25:685][  0]LogConfig: Setting CVar [[r.SkyAtmosphere.TransmittanceLUT.UseSmallFormat:0]]
[2021.01.23-22.59.25:685][  0]LogConfig: Setting CVar [[r.SkyAtmosphere.TransmittanceLUT.SampleCount:10.0]]
[2021.01.23-22.59.25:685][  0]LogConfig: Setting CVar [[r.SkyAtmosphere.MultiScatteringLUT.SampleCount:15.0]]
[2021.01.23-22.59.25:685][  0]LogConfig: Applying CVar settings from Section [FoliageQuality@3] File [D:/UnrealProjects/blast/Saved/Config/Windows/Scalability.ini]
[2021.01.23-22.59.25:685][  0]LogConfig: Setting CVar [[foliage.DensityScale:1.0]]
[2021.01.23-22.59.25:685][  0]LogConfig: Setting CVar [[grass.DensityScale:1.0]]
[2021.01.23-22.59.25:685][  0]LogConfig: Applying CVar settings from Section [ShadingQuality@3] File [D:/UnrealProjects/blast/Saved/Config/Windows/Scalability.ini]
[2021.01.23-22.59.25:685][  0]LogConfig: Setting CVar [[r.HairStrands.SkyLighting.SampleCount:16]]
[2021.01.23-22.59.25:685][  0]LogConfig: Setting CVar [[r.HairStrands.SkyLighting.JitterIntegration:0]]
[2021.01.23-22.59.25:685][  0]LogConfig: Setting CVar [[r.HairStrands.SkyAO.SampleCount:16]]
[2021.01.23-22.59.25:685][  0]LogConfig: Setting CVar [[r.HairStrands.DeepShadow.SuperSampling:0]]
[2021.01.23-22.59.25:685][  0]LogConfig: Setting CVar [[r.HairStrands.VisibilityPPLL:0]]
[2021.01.23-22.59.25:685][  0]LogConfig: Setting CVar [[r.HairStrands.RasterizationScale:0.5]]
[2021.01.23-22.59.25:685][  0]LogConfig: Setting CVar [[r.HairStrands.VelocityRasterizationScale:1]]
[2021.01.23-22.59.25:686][  0]LogInit: Selected Device Profile: [Windows]
[2021.01.23-22.59.25:686][  0]LogInit: Applying CVar settings loaded from the selected device profile: [Windows]
[2021.01.23-22.59.25:686][  0]LogHAL: Display: Platform has ~ 16 GB [17138720768 / 17179869184 / 16], which maps to Larger [LargestMinGB=32, LargerMinGB=12, DefaultMinGB=8, SmallerMinGB=6, SmallestMinGB=0)
[2021.01.23-22.59.25:686][  0]LogInit: Going up to parent DeviceProfile []
[2021.01.23-22.59.25:686][  0]LogConfig: Applying CVar settings from Section [ViewDistanceQuality@3] File [D:/UnrealProjects/blast/Saved/Config/Windows/Scalability.ini]
[2021.01.23-22.59.25:686][  0]LogConfig: Setting CVar [[r.SkeletalMeshLODBias:0]]
[2021.01.23-22.59.25:686][  0]LogConfig: Setting CVar [[r.ViewDistanceScale:1.0]]
[2021.01.23-22.59.25:686][  0]LogConfig: Applying CVar settings from Section [AntiAliasingQuality@3] File [D:/UnrealProjects/blast/Saved/Config/Windows/Scalability.ini]
[2021.01.23-22.59.25:686][  0]LogConfig: Setting CVar [[r.PostProcessAAQuality:4]]
[2021.01.23-22.59.25:686][  0]LogConfig: Applying CVar settings from Section [ShadowQuality@3] File [D:/UnrealProjects/blast/Saved/Config/Windows/Scalability.ini]
[2021.01.23-22.59.25:686][  0]LogConfig: Setting CVar [[r.LightFunctionQuality:1]]
[2021.01.23-22.59.25:686][  0]LogConfig: Setting CVar [[r.ShadowQuality:5]]
[2021.01.23-22.59.25:686][  0]LogConfig: Setting CVar [[r.Shadow.CSM.MaxCascades:10]]
[2021.01.23-22.59.25:686][  0]LogConfig: Setting CVar [[r.Shadow.MaxResolution:2048]]
[2021.01.23-22.59.25:686][  0]LogConfig: Setting CVar [[r.Shadow.MaxCSMResolution:2048]]
[2021.01.23-22.59.25:686][  0]LogConfig: Setting CVar [[r.Shadow.RadiusThreshold:0.01]]
[2021.01.23-22.59.25:686][  0]LogConfig: Setting CVar [[r.Shadow.DistanceScale:1.0]]
[2021.01.23-22.59.25:686][  0]LogConfig: Setting CVar [[r.Shadow.CSM.TransitionScale:1.0]]
[2021.01.23-22.59.25:686][  0]LogConfig: Setting CVar [[r.Shadow.PreShadowResolutionFactor:1.0]]
[2021.01.23-22.59.25:686][  0]LogConfig: Setting CVar [[r.DistanceFieldShadowing:1]]
[2021.01.23-22.59.25:686][  0]LogConfig: Setting CVar [[r.DistanceFieldAO:1]]
[2021.01.23-22.59.25:686][  0]LogConfig: Setting CVar [[r.AOQuality:2]]
[2021.01.23-22.59.25:686][  0]LogConfig: Setting CVar [[r.VolumetricFog:1]]
[2021.01.23-22.59.25:686][  0]LogConfig: Setting CVar [[r.VolumetricFog.GridPixelSize:8]]
[2021.01.23-22.59.25:686][  0]LogConfig: Setting CVar [[r.VolumetricFog.GridSizeZ:128]]
[2021.01.23-22.59.25:686][  0]LogConfig: Setting CVar [[r.VolumetricFog.HistoryMissSupersampleCount:4]]
[2021.01.23-22.59.25:686][  0]LogConfig: Setting CVar [[r.LightMaxDrawDistanceScale:1]]
[2021.01.23-22.59.25:686][  0]LogConfig: Setting CVar [[r.CapsuleShadows:1]]
[2021.01.23-22.59.25:686][  0]LogConfig: Applying CVar settings from Section [PostProcessQuality@3] File [D:/UnrealProjects/blast/Saved/Config/Windows/Scalability.ini]
[2021.01.23-22.59.25:686][  0]LogConfig: Setting CVar [[r.MotionBlurQuality:4]]
[2021.01.23-22.59.25:686][  0]LogConfig: Setting CVar [[r.AmbientOcclusionMipLevelFactor:0.4]]
[2021.01.23-22.59.25:686][  0]LogConfig: Setting CVar [[r.AmbientOcclusionMaxQuality:100]]
[2021.01.23-22.59.25:686][  0]LogConfig: Setting CVar [[r.AmbientOcclusionLevels:-1]]
[2021.01.23-22.59.25:686][  0]LogConfig: Setting CVar [[r.AmbientOcclusionRadiusScale:1.0]]
[2021.01.23-22.59.25:686][  0]LogConfig: Setting CVar [[r.DepthOfFieldQuality:2]]
[2021.01.23-22.59.25:686][  0]LogConfig: Setting CVar [[r.RenderTargetPoolMin:400]]
[2021.01.23-22.59.25:686][  0]LogConfig: Setting CVar [[r.LensFlareQuality:2]]
[2021.01.23-22.59.25:686][  0]LogConfig: Setting CVar [[r.SceneColorFringeQuality:1]]
[2021.01.23-22.59.25:686][  0]LogConfig: Setting CVar [[r.EyeAdaptationQuality:2]]
[2021.01.23-22.59.25:686][  0]LogConfig: Setting CVar [[r.BloomQuality:5]]
[2021.01.23-22.59.25:686][  0]LogConfig: Setting CVar [[r.FastBlurThreshold:100]]
[2021.01.23-22.59.25:686][  0]LogConfig: Setting CVar [[r.Upscale.Quality:3]]
[2021.01.23-22.59.25:686][  0]LogConfig: Setting CVar [[r.Tonemapper.GrainQuantization:1]]
[2021.01.23-22.59.25:686][  0]LogConfig: Setting CVar [[r.LightShaftQuality:1]]
[2021.01.23-22.59.25:686][  0]LogConfig: Setting CVar [[r.Filter.SizeScale:1]]
[2021.01.23-22.59.25:686][  0]LogConfig: Setting CVar [[r.Tonemapper.Quality:5]]
[2021.01.23-22.59.25:686][  0]LogConfig: Setting CVar [[r.DOF.Gather.AccumulatorQuality:1        ; higher gathering accumulator quality]]
[2021.01.23-22.59.25:686][  0]LogConfig: Setting CVar [[r.DOF.Gather.PostfilterMethod:1          ; Median3x3 postfilering method]]
[2021.01.23-22.59.25:686][  0]LogConfig: Setting CVar [[r.DOF.Gather.EnableBokehSettings:0       ; no bokeh simulation when gathering]]
[2021.01.23-22.59.25:686][  0]LogConfig: Setting CVar [[r.DOF.Gather.RingCount:4                 ; medium number of samples when gathering]]
[2021.01.23-22.59.25:686][  0]LogConfig: Setting CVar [[r.DOF.Scatter.ForegroundCompositing:1    ; additive foreground scattering]]
[2021.01.23-22.59.25:686][  0]LogConfig: Setting CVar [[r.DOF.Scatter.BackgroundCompositing:2    ; additive background scattering]]
[2021.01.23-22.59.25:686][  0]LogConfig: Setting CVar [[r.DOF.Scatter.EnableBokehSettings:1      ; bokeh simulation when scattering]]
[2021.01.23-22.59.25:686][  0]LogConfig: Setting CVar [[r.DOF.Scatter.MaxSpriteRatio:0.1         ; only a maximum of 10% of scattered bokeh]]
[2021.01.23-22.59.25:686][  0]LogConfig: Setting CVar [[r.DOF.Recombine.Quality:1                ; cheap slight out of focus]]
[2021.01.23-22.59.25:686][  0]LogConfig: Setting CVar [[r.DOF.Recombine.EnableBokehSettings:0    ; no bokeh simulation on slight out of focus]]
[2021.01.23-22.59.25:686][  0]LogConfig: Setting CVar [[r.DOF.TemporalAAQuality:1                ; more stable temporal accumulation]]
[2021.01.23-22.59.25:686][  0]LogConfig: Setting CVar [[r.DOF.Kernel.MaxForegroundRadius:0.025]]
[2021.01.23-22.59.25:686][  0]LogConfig: Setting CVar [[r.DOF.Kernel.MaxBackgroundRadius:0.025]]
[2021.01.23-22.59.25:686][  0]LogConfig: Applying CVar settings from Section [TextureQuality@3] File [D:/UnrealProjects/blast/Saved/Config/Windows/Scalability.ini]
[2021.01.23-22.59.25:686][  0]LogConfig: Setting CVar [[r.Streaming.MipBias:0]]
[2021.01.23-22.59.25:686][  0]LogConfig: Setting CVar [[r.Streaming.AmortizeCPUToGPUCopy:0]]
[2021.01.23-22.59.25:686][  0]LogConfig: Setting CVar [[r.Streaming.MaxNumTexturesToStreamPerFrame:0]]
[2021.01.23-22.59.25:686][  0]LogConfig: Setting CVar [[r.Streaming.Boost:1]]
[2021.01.23-22.59.25:686][  0]LogConfig: Setting CVar [[r.MaxAnisotropy:8]]
[2021.01.23-22.59.25:686][  0]LogConfig: Setting CVar [[r.VT.MaxAnisotropy:8]]
[2021.01.23-22.59.25:686][  0]LogConfig: Setting CVar [[r.Streaming.LimitPoolSizeToVRAM:0]]
[2021.01.23-22.59.25:686][  0]LogConfig: Setting CVar [[r.Streaming.PoolSize:1000]]
[2021.01.23-22.59.25:686][  0]LogConfig: Setting CVar [[r.Streaming.MaxEffectiveScreenSize:0]]
[2021.01.23-22.59.25:686][  0]LogConfig: Applying CVar settings from Section [EffectsQuality@3] File [D:/UnrealProjects/blast/Saved/Config/Windows/Scalability.ini]
[2021.01.23-22.59.25:686][  0]LogConfig: Setting CVar [[r.TranslucencyLightingVolumeDim:64]]
[2021.01.23-22.59.25:686][  0]LogConfig: Setting CVar [[r.RefractionQuality:2]]
[2021.01.23-22.59.25:686][  0]LogConfig: Setting CVar [[r.SSR.Quality:3]]
[2021.01.23-22.59.25:686][  0]LogConfig: Setting CVar [[r.SSR.HalfResSceneColor:0]]
[2021.01.23-22.59.25:686][  0]LogConfig: Setting CVar [[r.SceneColorFormat:4]]
[2021.01.23-22.59.25:686][  0]LogConfig: Setting CVar [[r.DetailMode:2]]
[2021.01.23-22.59.25:686][  0]LogConfig: Setting CVar [[r.TranslucencyVolumeBlur:1]]
[2021.01.23-22.59.25:686][  0]LogConfig: Setting CVar [[r.MaterialQualityLevel:1 ; High quality]]
[2021.01.23-22.59.25:686][  0]LogConfig: Setting CVar [[r.SSS.Scale:1]]
[2021.01.23-22.59.25:686][  0]LogConfig: Setting CVar [[r.SSS.SampleSet:2]]
[2021.01.23-22.59.25:686][  0]LogConfig: Setting CVar [[r.SSS.Quality:1]]
[2021.01.23-22.59.25:686][  0]LogConfig: Setting CVar [[r.SSS.HalfRes:0]]
[2021.01.23-22.59.25:687][  0]LogConfig: Setting CVar [[r.SSGI.Quality:3]]
[2021.01.23-22.59.25:687][  0]LogConfig: Setting CVar [[r.EmitterSpawnRateScale:1.0]]
[2021.01.23-22.59.25:687][  0]LogConfig: Setting CVar [[r.ParticleLightQuality:2]]
[2021.01.23-22.59.25:687][  0]LogConfig: Setting CVar [[r.SkyAtmosphere.AerialPerspectiveLUT.FastApplyOnOpaque:1 ; Always have FastSkyLUT 1 in this case to avoid wrong sky]]
[2021.01.23-22.59.25:687][  0]LogConfig: Setting CVar [[r.SkyAtmosphere.AerialPerspectiveLUT.SampleCountPerSlice:1]]
[2021.01.23-22.59.25:687][  0]LogConfig: Setting CVar [[r.SkyAtmosphere.AerialPerspectiveLUT.DepthResolution:16.0]]
[2021.01.23-22.59.25:687][  0]LogConfig: Setting CVar [[r.SkyAtmosphere.FastSkyLUT:1]]
[2021.01.23-22.59.25:687][  0]LogConfig: Setting CVar [[r.SkyAtmosphere.FastSkyLUT.SampleCountMin:4.0]]
[2021.01.23-22.59.25:687][  0]LogConfig: Setting CVar [[r.SkyAtmosphere.FastSkyLUT.SampleCountMax:32.0]]
[2021.01.23-22.59.25:687][  0]LogConfig: Setting CVar [[r.SkyAtmosphere.SampleCountMin:4.0]]
[2021.01.23-22.59.25:687][  0]LogConfig: Setting CVar [[r.SkyAtmosphere.SampleCountMax:32.0]]
[2021.01.23-22.59.25:687][  0]LogConfig: Setting CVar [[r.SkyAtmosphere.TransmittanceLUT.UseSmallFormat:0]]
[2021.01.23-22.59.25:687][  0]LogConfig: Setting CVar [[r.SkyAtmosphere.TransmittanceLUT.SampleCount:10.0]]
[2021.01.23-22.59.25:687][  0]LogConfig: Setting CVar [[r.SkyAtmosphere.MultiScatteringLUT.SampleCount:15.0]]
[2021.01.23-22.59.25:687][  0]LogConfig: Applying CVar settings from Section [FoliageQuality@3] File [D:/UnrealProjects/blast/Saved/Config/Windows/Scalability.ini]
[2021.01.23-22.59.25:687][  0]LogConfig: Setting CVar [[foliage.DensityScale:1.0]]
[2021.01.23-22.59.25:687][  0]LogConfig: Setting CVar [[grass.DensityScale:1.0]]
[2021.01.23-22.59.25:687][  0]LogConfig: Applying CVar settings from Section [ShadingQuality@3] File [D:/UnrealProjects/blast/Saved/Config/Windows/Scalability.ini]
[2021.01.23-22.59.25:687][  0]LogConfig: Setting CVar [[r.HairStrands.SkyLighting.SampleCount:16]]
[2021.01.23-22.59.25:687][  0]LogConfig: Setting CVar [[r.HairStrands.SkyLighting.JitterIntegration:0]]
[2021.01.23-22.59.25:687][  0]LogConfig: Setting CVar [[r.HairStrands.SkyAO.SampleCount:16]]
[2021.01.23-22.59.25:687][  0]LogConfig: Setting CVar [[r.HairStrands.DeepShadow.SuperSampling:0]]
[2021.01.23-22.59.25:687][  0]LogConfig: Setting CVar [[r.HairStrands.VisibilityPPLL:0]]
[2021.01.23-22.59.25:687][  0]LogConfig: Setting CVar [[r.HairStrands.RasterizationScale:0.5]]
[2021.01.23-22.59.25:687][  0]LogConfig: Setting CVar [[r.HairStrands.VelocityRasterizationScale:1]]
[2021.01.23-22.59.25:687][  0]LogConfig: Applying CVar settings from Section [Startup] File [../../../Engine/Config/ConsoleVariables.ini]
[2021.01.23-22.59.25:687][  0]LogConfig: Setting CVar [[net.UseAdaptiveNetUpdateFrequency:0]]
[2021.01.23-22.59.25:687][  0]LogConfig: Setting CVar [[p.chaos.AllowCreatePhysxBodies:1]]
[2021.01.23-22.59.25:687][  0]LogConfig: Setting CVar [[fx.SkipVectorVMBackendOptimizations:1]]
[2021.01.23-22.59.25:687][  0]LogConfig: Applying CVar settings from Section [ConsoleVariables] File [D:/UnrealProjects/blast/Saved/Config/Windows/Engine.ini]
[2021.01.23-22.59.25:687][  0]LogInit: Computer: DESKTOP-6OSJQ5I
[2021.01.23-22.59.25:687][  0]LogInit: User: Alejandro
[2021.01.23-22.59.25:687][  0]LogInit: CPU Page size=4096, Cores=6
[2021.01.23-22.59.25:687][  0]LogInit: High frequency timer resolution =10.000000 MHz
[2021.01.23-22.59.25:687][  0]LogMemory: Memory total: Physical=16.0GB (16GB approx)
[2021.01.23-22.59.25:687][  0]LogMemory: Platform Memory Stats for Windows
[2021.01.23-22.59.25:687][  0]LogMemory: Process Physical Memory: 114.18 MB used, 114.18 MB peak
[2021.01.23-22.59.25:687][  0]LogMemory: Process Virtual Memory: 95.94 MB used, 95.94 MB peak
[2021.01.23-22.59.25:687][  0]LogMemory: Physical Memory: 7650.90 MB used,  8693.86 MB free, 16344.76 MB total
[2021.01.23-22.59.25:687][  0]LogMemory: Virtual Memory: 5137.14 MB used,  134212592.00 MB free, 134217728.00 MB total
[2021.01.23-22.59.25:692][  0]LogWindows: WindowsPlatformFeatures enabled
[2021.01.23-22.59.25:736][  0]LogInit: Physics initialised using underlying interface: PhysX
[2021.01.23-22.59.25:736][  0]LogInit: Using OS detected language (es-ES).
[2021.01.23-22.59.25:736][  0]LogInit: Using OS detected locale (es-ES).
[2021.01.23-22.59.25:737][  0]LogTextLocalizationManager: No specific localization for 'es-ES' exists, so the 'es' localization will be used.
[2021.01.23-22.59.26:120][  0]LogSlate: New Slate User Created.  User Index 0, Is Virtual User: 0
[2021.01.23-22.59.26:121][  0]LogSlate: Slate User Registered.  User Index 0, Is Virtual User: 0
[2021.01.23-22.59.26:130][  0]LogHMD: Failed to initialize OpenVR with code 110
[2021.01.23-22.59.26:130][  0]LogD3D11RHI: D3D11 min allowed feature level: 11_0
[2021.01.23-22.59.26:130][  0]LogD3D11RHI: D3D11 max allowed feature level: 11_0
[2021.01.23-22.59.26:130][  0]LogD3D11RHI: D3D11 adapters:
[2021.01.23-22.59.26:182][  0]LogD3D11RHI:    0. 'NVIDIA GeForce GTX 1070' (Feature Level 11_0)
[2021.01.23-22.59.26:182][  0]LogD3D11RHI:       8088/0/8172 MB DedicatedVideo/DedicatedSystem/SharedSystem, Outputs:2, VendorId:0x10de
[2021.01.23-22.59.26:184][  0]LogD3D11RHI:    1. 'Microsoft Basic Render Driver' (Feature Level 11_0)
[2021.01.23-22.59.26:184][  0]LogD3D11RHI:       0/0/8172 MB DedicatedVideo/DedicatedSystem/SharedSystem, Outputs:0, VendorId:0x1414
[2021.01.23-22.59.26:184][  0]LogD3D11RHI: Chosen D3D11 Adapter: 0
[2021.01.23-22.59.26:190][  0]LogD3D11RHI: Creating new Direct3DDevice
[2021.01.23-22.59.26:190][  0]LogD3D11RHI:     GPU DeviceId: 0x1b81 (for the marketing name, search the web for "GPU Device Id")
[2021.01.23-22.59.26:190][  0]LogWindows: EnumDisplayDevices:
[2021.01.23-22.59.26:190][  0]LogWindows:    0. 'NVIDIA GeForce GTX 1070' (P:1 D:1)
[2021.01.23-22.59.26:190][  0]LogWindows:    1. 'NVIDIA GeForce GTX 1070' (P:0 D:1)
[2021.01.23-22.59.26:190][  0]LogWindows:    2. 'NVIDIA GeForce GTX 1070' (P:0 D:0)
[2021.01.23-22.59.26:190][  0]LogWindows:    3. 'NVIDIA GeForce GTX 1070' (P:0 D:0)
[2021.01.23-22.59.26:191][  0]LogWindows: DebugString: FoundDriverCount:4 
[2021.01.23-22.59.26:191][  0]LogD3D11RHI:     Adapter Name: NVIDIA GeForce GTX 1070
[2021.01.23-22.59.26:191][  0]LogD3D11RHI:   Driver Version: 456.71 (internal:27.21.14.5671, unified:456.71)
[2021.01.23-22.59.26:191][  0]LogD3D11RHI:      Driver Date: 9-30-2020
[2021.01.23-22.59.26:191][  0]LogRHI: Texture pool is 5661 MB (70% of 8088 MB)
[2021.01.23-22.59.26:228][  0]LogD3D11RHI: RHI has support for 64 bit atomics
[2021.01.23-22.59.26:228][  0]LogD3D11RHI: Async texture creation enabled
[2021.01.23-22.59.26:228][  0]LogD3D11RHI: Array index from any shader is supported
[2021.01.23-22.59.26:244][  0]LogD3D11RHI: GPU Timing Frequency: 1000.000000 (Debug: 2 1)
[2021.01.23-22.59.26:475][  0]LogTargetPlatformManager: Display: Loaded TargetPlatform 'WindowsNoEditor'
[2021.01.23-22.59.26:479][  0]LogTargetPlatformManager: Display: Loaded TargetPlatform 'Windows'
[2021.01.23-22.59.26:486][  0]LogTargetPlatformManager: Display: Loaded TargetPlatform 'WindowsClient'
[2021.01.23-22.59.26:494][  0]LogTargetPlatformManager: Display: Loaded TargetPlatform 'WindowsServer'
[2021.01.23-22.59.26:494][  0]LogTargetPlatformManager: Display: Building Assets For Windows
[2021.01.23-22.59.26:501][  0]LogAudioDebug: Display: Lib vorbis DLL was dynamically loaded.
[2021.01.23-22.59.26:551][  0]LogShaderCompilers: Guid format shader working directory is 17 characters bigger than the processId version (../../../../UnrealProjects/blast/Intermediate/Shaders/WorkingDirectory/14960/).
[2021.01.23-22.59.26:551][  0]LogShaderCompilers: Cleaned the shader compiler working directory 'C:/Users/Alejandro/AppData/Local/Temp/UnrealShaderWorkingDir/7746BF074EBB8633E7F440BF11B8E463/'.
[2021.01.23-22.59.26:551][  0]LogXGEController: Cannot use XGE Controller as Incredibuild is not installed on this machine.
[2021.01.23-22.59.26:551][  0]LogShaderCompilers: Cannot use XGE Shader Compiler as Incredibuild is not installed on this machine.
[2021.01.23-22.59.26:551][  0]LogShaderCompilers: Display: Using Local Shader Compiler.
[2021.01.23-22.59.27:119][  0]LogDerivedDataCache: Display: Max Cache Size: 512 MB
[2021.01.23-22.59.27:170][  0]LogDerivedDataCache: Loaded boot cache 0.05s 75MB C:/Users/Alejandro/AppData/Local/UnrealEngine/4.25/DerivedDataCache/Boot.ddc.
[2021.01.23-22.59.27:170][  0]LogDerivedDataCache: Display: Loaded Boot cache: C:/Users/Alejandro/AppData/Local/UnrealEngine/4.25/DerivedDataCache/Boot.ddc
[2021.01.23-22.59.27:171][  0]LogDerivedDataCache: FDerivedDataBackendGraph:  Pak pak cache file ../../../../UnrealProjects/blast/DerivedDataCache/DDC.ddp not found, will not use a pak cache.
[2021.01.23-22.59.27:171][  0]LogDerivedDataCache: Unable to find inner node Pak for hierarchical cache Hierarchy.
[2021.01.23-22.59.27:171][  0]LogDerivedDataCache: FDerivedDataBackendGraph:  CompressedPak pak cache file ../../../../UnrealProjects/blast/DerivedDataCache/Compressed.ddp not found, will not use a pak cache.
[2021.01.23-22.59.27:171][  0]LogDerivedDataCache: Unable to find inner node CompressedPak for hierarchical cache Hierarchy.
[2021.01.23-22.59.27:180][  0]LogDerivedDataCache: Display: Pak cache opened for reading ../../../Engine/DerivedDataCache/Compressed.ddp.
[2021.01.23-22.59.27:180][  0]LogDerivedDataCache: FDerivedDataBackendGraph:  EnterprisePak pak cache file ../../../Enterprise/DerivedDataCache/Compressed.ddp not found, will not use a pak cache.
[2021.01.23-22.59.27:180][  0]LogDerivedDataCache: Unable to find inner node EnterprisePak for hierarchical cache Hierarchy.
[2021.01.23-22.59.27:181][  0]LogDerivedDataCache: Using Local data cache path C:/Users/Alejandro/AppData/Local/UnrealEngine/Common/DerivedDataCache: Writable
[2021.01.23-22.59.27:181][  0]LogDerivedDataCache: Shared data cache path not found in *engine.ini, will not use an Shared cache.
[2021.01.23-22.59.27:181][  0]LogDerivedDataCache: Unable to find inner node Shared for hierarchical cache Hierarchy.
[2021.01.23-22.59.27:476][  0]LogShaderCompilers: Display: Worker (1/3): shaders left to compile 497
[2021.01.23-22.59.27:476][  0]LogShaderCompilers: Display: Worker (2/3): shaders left to compile 496
[2021.01.23-22.59.27:476][  0]LogShaderCompilers: Display: Worker (3/3): shaders left to compile 495
[2021.01.23-22.59.27:476][  0]LogSlate: Using FreeType 2.10.0
[2021.01.23-22.59.27:477][  0]LogSlate: SlateFontServices - WITH_FREETYPE: 1, WITH_HARFBUZZ: 1
[2021.01.23-22.59.29:170][  0]LogShaderCompilers: Display: Worker (3/3): shaders left to compile 494
[2021.01.23-22.59.29:170][  0]LogShaderCompilers: Display: Worker (1/3): shaders left to compile 493
[2021.01.23-22.59.29:170][  0]LogShaderCompilers: Display: Worker (2/3): shaders left to compile 492
[2021.01.23-22.59.29:170][  0]LogShaderCompilers: Display: Worker (3/3): shaders left to compile 491
[2021.01.23-22.59.29:170][  0]LogShaderCompilers: Display: Worker (2/3): shaders left to compile 490
[2021.01.23-22.59.29:170][  0]LogShaderCompilers: Display: Worker (1/3): shaders left to compile 489
[2021.01.23-22.59.29:170][  0]LogShaderCompilers: Display: Worker (2/3): shaders left to compile 488
[2021.01.23-22.59.29:170][  0]LogShaderCompilers: Display: Worker (1/3): shaders left to compile 487
[2021.01.23-22.59.29:170][  0]LogShaderCompilers: Display: Worker (3/3): shaders left to compile 486
[2021.01.23-22.59.29:726][  0]LogShaderCompilers: Display: Worker (2/3): shaders left to compile 485
[2021.01.23-22.59.29:726][  0]LogShaderCompilers: Display: Worker (1/3): shaders left to compile 484
[2021.01.23-22.59.29:726][  0]LogShaderCompilers: Display: Worker (3/3): shaders left to compile 483
[2021.01.23-22.59.29:726][  0]LogShaderCompilers: Display: Worker (2/3): shaders left to compile 482
[2021.01.23-22.59.29:726][  0]LogShaderCompilers: Display: Worker (1/3): shaders left to compile 481
[2021.01.23-22.59.29:726][  0]LogShaderCompilers: Display: Worker (3/3): shaders left to compile 480
[2021.01.23-22.59.29:726][  0]LogShaderCompilers: Display: Worker (2/3): shaders left to compile 479
[2021.01.23-22.59.29:726][  0]LogShaderCompilers: Display: Worker (1/3): shaders left to compile 478
[2021.01.23-22.59.29:726][  0]LogShaderCompilers: Display: Worker (3/3): shaders left to compile 477
[2021.01.23-22.59.29:726][  0]LogShaderCompilers: Display: Worker (2/3): shaders left to compile 476
[2021.01.23-22.59.29:726][  0]LogShaderCompilers: Display: Worker (1/3): shaders left to compile 475
[2021.01.23-22.59.29:726][  0]LogShaderCompilers: Display: Worker (3/3): shaders left to compile 474
[2021.01.23-22.59.29:726][  0]LogShaderCompilers: Display: Worker (2/3): shaders left to compile 473
[2021.01.23-22.59.29:726][  0]LogShaderCompilers: Display: Worker (1/3): shaders left to compile 472
[2021.01.23-22.59.29:726][  0]LogShaderCompilers: Display: Worker (3/3): shaders left to compile 471
[2021.01.23-22.59.29:726][  0]LogShaderCompilers: Display: Worker (2/3): shaders left to compile 470
[2021.01.23-22.59.29:726][  0]LogShaderCompilers: Display: Worker (3/3): shaders left to compile 469
[2021.01.23-22.59.29:726][  0]LogShaderCompilers: Display: Worker (1/3): shaders left to compile 468
[2021.01.23-22.59.29:726][  0]LogShaderCompilers: Display: Worker (2/3): shaders left to compile 467
[2021.01.23-22.59.29:726][  0]LogShaderCompilers: Display: Worker (3/3): shaders left to compile 466
[2021.01.23-22.59.29:726][  0]LogShaderCompilers: Display: Worker (1/3): shaders left to compile 465
[2021.01.23-22.59.30:284][  0]LogShaderCompilers: Display: Worker (2/3): shaders left to compile 464
[2021.01.23-22.59.30:284][  0]LogShaderCompilers: Display: Worker (3/3): shaders left to compile 463
[2021.01.23-22.59.30:284][  0]LogShaderCompilers: Display: Worker (1/3): shaders left to compile 462
[2021.01.23-22.59.30:284][  0]LogShaderCompilers: Display: Worker (2/3): shaders left to compile 461
[2021.01.23-22.59.30:284][  0]LogShaderCompilers: Display: Worker (3/3): shaders left to compile 460
[2021.01.23-22.59.30:284][  0]LogShaderCompilers: Display: Worker (1/3): shaders left to compile 459
[2021.01.23-22.59.30:284][  0]LogShaderCompilers: Display: Worker (2/3): shaders left to compile 458
[2021.01.23-22.59.30:284][  0]LogShaderCompilers: Display: Worker (3/3): shaders left to compile 457
[2021.01.23-22.59.30:284][  0]LogShaderCompilers: Display: Worker (1/3): shaders left to compile 456
[2021.01.23-22.59.30:284][  0]LogShaderCompilers: Display: Worker (2/3): shaders left to compile 455
[2021.01.23-22.59.30:284][  0]LogShaderCompilers: Display: Worker (3/3): shaders left to compile 454
[2021.01.23-22.59.30:284][  0]LogShaderCompilers: Display: Worker (1/3): shaders left to compile 453
[2021.01.23-22.59.30:284][  0]LogShaderCompilers: Display: Worker (2/3): shaders left to compile 452
[2021.01.23-22.59.30:284][  0]LogShaderCompilers: Display: Worker (3/3): shaders left to compile 451
[2021.01.23-22.59.30:284][  0]LogShaderCompilers: Display: Worker (1/3): shaders left to compile 450
[2021.01.23-22.59.30:284][  0]LogShaderCompilers: Display: Worker (2/3): shaders left to compile 449
[2021.01.23-22.59.30:284][  0]LogShaderCompilers: Display: Worker (3/3): shaders left to compile 448
[2021.01.23-22.59.30:284][  0]LogShaderCompilers: Display: Worker (1/3): shaders left to compile 447
[2021.01.23-22.59.30:284][  0]LogShaderCompilers: Display: Worker (2/3): shaders left to compile 446
[2021.01.23-22.59.30:284][  0]LogShaderCompilers: Display: Worker (3/3): shaders left to compile 445
[2021.01.23-22.59.30:284][  0]LogShaderCompilers: Display: Worker (1/3): shaders left to compile 444
[2021.01.23-22.59.30:284][  0]LogShaderCompilers: Display: Worker (2/3): shaders left to compile 443
[2021.01.23-22.59.30:284][  0]LogShaderCompilers: Display: Worker (3/3): shaders left to compile 442
[2021.01.23-22.59.30:284][  0]LogShaderCompilers: Display: Worker (1/3): shaders left to compile 441
[2021.01.23-22.59.30:284][  0]LogShaderCompilers: Display: Worker (2/3): shaders left to compile 440
[2021.01.23-22.59.30:284][  0]LogShaderCompilers: Display: Worker (3/3): shaders left to compile 439
[2021.01.23-22.59.30:843][  0]LogShaderCompilers: Display: Worker (1/3): shaders left to compile 438
[2021.01.23-22.59.30:843][  0]LogShaderCompilers: Display: Worker (3/3): shaders left to compile 437
[2021.01.23-22.59.30:843][  0]LogShaderCompilers: Display: Worker (1/3): shaders left to compile 436
[2021.01.23-22.59.30:843][  0]LogShaderCompilers: Display: Worker (3/3): shaders left to compile 435
[2021.01.23-22.59.30:843][  0]LogShaderCompilers: Display: Worker (2/3): shaders left to compile 434
[2021.01.23-22.59.30:843][  0]LogShaderCompilers: Display: Worker (1/3): shaders left to compile 433
[2021.01.23-22.59.31:401][  0]LogShaderCompilers: Display: Worker (1/3): shaders left to compile 432
[2021.01.23-22.59.31:401][  0]LogShaderCompilers: Display: Worker (1/3): shaders left to compile 431
[2021.01.23-22.59.31:401][  0]LogShaderCompilers: Display: Worker (1/3): shaders left to compile 430
[2021.01.23-22.59.31:401][  0]LogShaderCompilers: Display: Worker (2/3): shaders left to compile 429
[2021.01.23-22.59.31:401][  0]LogShaderCompilers: Display: Worker (1/3): shaders left to compile 428
[2021.01.23-22.59.31:401][  0]LogShaderCompilers: Display: Worker (2/3): shaders left to compile 427
[2021.01.23-22.59.31:401][  0]LogShaderCompilers: Display: Worker (1/3): shaders left to compile 426
[2021.01.23-22.59.31:401][  0]LogShaderCompilers: Display: Worker (2/3): shaders left to compile 425
[2021.01.23-22.59.31:401][  0]LogShaderCompilers: Display: Worker (1/3): shaders left to compile 424
[2021.01.23-22.59.31:401][  0]LogShaderCompilers: Display: Worker (2/3): shaders left to compile 423
[2021.01.23-22.59.31:401][  0]LogShaderCompilers: Display: Worker (1/3): shaders left to compile 422
[2021.01.23-22.59.31:957][  0]LogShaderCompilers: Display: Worker (2/3): shaders left to compile 421
[2021.01.23-22.59.31:957][  0]LogShaderCompilers: Display: Worker (1/3): shaders left to compile 420
[2021.01.23-22.59.31:957][  0]LogShaderCompilers: Display: Worker (2/3): shaders left to compile 419
[2021.01.23-22.59.31:957][  0]LogShaderCompilers: Display: Worker (1/3): shaders left to compile 418
[2021.01.23-22.59.31:957][  0]LogShaderCompilers: Display: Worker (2/3): shaders left to compile 417
[2021.01.23-22.59.31:957][  0]LogShaderCompilers: Display: Worker (1/3): shaders left to compile 416
[2021.01.23-22.59.31:957][  0]LogShaderCompilers: Display: Worker (2/3): shaders left to compile 415
[2021.01.23-22.59.31:957][  0]LogShaderCompilers: Display: Worker (1/3): shaders left to compile 414
[2021.01.23-22.59.31:957][  0]LogShaderCompilers: Display: Worker (2/3): shaders left to compile 413
[2021.01.23-22.59.31:957][  0]LogShaderCompilers: Display: Worker (1/3): shaders left to compile 412
[2021.01.23-22.59.32:516][  0]LogShaderCompilers: Display: Worker (1/3): shaders left to compile 411
[2021.01.23-22.59.32:516][  0]LogShaderCompilers: Display: Worker (2/3): shaders left to compile 410
[2021.01.23-22.59.33:073][  0]LogShaderCompilers: Display: Worker (2/3): shaders left to compile 409
[2021.01.23-22.59.33:073][  0]LogShaderCompilers: Display: Worker (2/3): shaders left to compile 408
[2021.01.23-22.59.33:073][  0]LogShaderCompilers: Display: Worker (1/3): shaders left to compile 407
[2021.01.23-22.59.33:630][  0]LogShaderCompilers: Display: Worker (2/3): shaders left to compile 406
[2021.01.23-22.59.33:630][  0]LogShaderCompilers: Display: Worker (1/3): shaders left to compile 405
[2021.01.23-22.59.34:187][  0]LogShaderCompilers: Display: Worker (2/3): shaders left to compile 404
[2021.01.23-22.59.34:187][  0]LogShaderCompilers: Display: Worker (1/3): shaders left to compile 403
[2021.01.23-22.59.34:187][  0]LogShaderCompilers: Display: Worker (2/3): shaders left to compile 402
[2021.01.23-22.59.34:745][  0]LogShaderCompilers: Display: Worker (1/3): shaders left to compile 401
[2021.01.23-22.59.34:745][  0]LogShaderCompilers: Display: Worker (2/3): shaders left to compile 400
[2021.01.23-22.59.34:745][  0]LogShaderCompilers: Display: Worker (3/3): shaders left to compile 399
[2021.01.23-22.59.34:745][  0]LogShaderCompilers: Display: Worker (2/3): shaders left to compile 398
[2021.01.23-22.59.34:745][  0]LogShaderCompilers: Display: Worker (1/3): shaders left to compile 397
[2021.01.23-22.59.35:302][  0]LogShaderCompilers: Display: Worker (3/3): shaders left to compile 396
[2021.01.23-22.59.35:302][  0]LogShaderCompilers: Display: Worker (2/3): shaders left to compile 395
[2021.01.23-22.59.35:302][  0]LogShaderCompilers: Display: Worker (1/3): shaders left to compile 394
[2021.01.23-22.59.35:302][  0]LogShaderCompilers: Display: Worker (3/3): shaders left to compile 393
[2021.01.23-22.59.35:302][  0]LogShaderCompilers: Display: Worker (2/3): shaders left to compile 392
[2021.01.23-22.59.35:302][  0]LogShaderCompilers: Display: Worker (1/3): shaders left to compile 391
[2021.01.23-22.59.35:302][  0]LogShaderCompilers: Display: Worker (3/3): shaders left to compile 390
[2021.01.23-22.59.35:302][  0]LogShaderCompilers: Display: Worker (2/3): shaders left to compile 389
[2021.01.23-22.59.35:859][  0]LogShaderCompilers: Display: Worker (1/3): shaders left to compile 388
[2021.01.23-22.59.35:859][  0]LogShaderCompilers: Display: Worker (3/3): shaders left to compile 387
[2021.01.23-22.59.35:859][  0]LogShaderCompilers: Display: Worker (2/3): shaders left to compile 386
[2021.01.23-22.59.35:859][  0]LogShaderCompilers: Display: Worker (1/3): shaders left to compile 385
[2021.01.23-22.59.35:859][  0]LogShaderCompilers: Display: Worker (2/3): shaders left to compile 384
[2021.01.23-22.59.35:859][  0]LogShaderCompilers: Display: Worker (3/3): shaders left to compile 383
[2021.01.23-22.59.35:859][  0]LogShaderCompilers: Display: Worker (1/3): shaders left to compile 382
[2021.01.23-22.59.35:859][  0]LogShaderCompilers: Display: Worker (3/3): shaders left to compile 381
[2021.01.23-22.59.36:415][  0]LogShaderCompilers: Display: Worker (2/3): shaders left to compile 380
[2021.01.23-22.59.36:415][  0]LogShaderCompilers: Display: Worker (2/3): shaders left to compile 379
[2021.01.23-22.59.36:415][  0]LogShaderCompilers: Display: Worker (1/3): shaders left to compile 378
[2021.01.23-22.59.36:415][  0]LogShaderCompilers: Display: Worker (3/3): shaders left to compile 377
[2021.01.23-22.59.36:415][  0]LogShaderCompilers: Display: Worker (2/3): shaders left to compile 376
[2021.01.23-22.59.36:415][  0]LogShaderCompilers: Display: Worker (1/3): shaders left to compile 375
[2021.01.23-22.59.36:415][  0]LogShaderCompilers: Display: Worker (1/3): shaders left to compile 374
[2021.01.23-22.59.36:415][  0]LogShaderCompilers: Display: Worker (3/3): shaders left to compile 373
[2021.01.23-22.59.36:971][  0]LogShaderCompilers: Display: Worker (2/3): shaders left to compile 372
[2021.01.23-22.59.36:971][  0]LogShaderCompilers: Display: Worker (1/3): shaders left to compile 371
[2021.01.23-22.59.36:971][  0]LogShaderCompilers: Display: Worker (3/3): shaders left to compile 370
[2021.01.23-22.59.36:971][  0]LogShaderCompilers: Display: Worker (2/3): shaders left to compile 369
[2021.01.23-22.59.36:971][  0]LogShaderCompilers: Display: Worker (1/3): shaders left to compile 368
[2021.01.23-22.59.36:971][  0]LogShaderCompilers: Display: Worker (2/3): shaders left to compile 367
[2021.01.23-22.59.36:971][  0]LogShaderCompilers: Display: Worker (3/3): shaders left to compile 366
[2021.01.23-22.59.36:971][  0]LogShaderCompilers: Display: Worker (1/3): shaders left to compile 365
[2021.01.23-22.59.37:528][  0]LogShaderCompilers: Display: Worker (2/3): shaders left to compile 364
[2021.01.23-22.59.37:528][  0]LogShaderCompilers: Display: Worker (3/3): shaders left to compile 363
[2021.01.23-22.59.37:528][  0]LogShaderCompilers: Display: Worker (3/3): shaders left to compile 362
[2021.01.23-22.59.37:528][  0]LogShaderCompilers: Display: Worker (1/3): shaders left to compile 361
[2021.01.23-22.59.37:528][  0]LogShaderCompilers: Display: Worker (3/3): shaders left to compile 360
[2021.01.23-22.59.37:528][  0]LogShaderCompilers: Display: Worker (2/3): shaders left to compile 359
[2021.01.23-22.59.38:080][  0]LogShaderCompilers: Display: Worker (1/3): shaders left to compile 358
[2021.01.23-22.59.38:080][  0]LogShaderCompilers: Display: Worker (3/3): shaders left to compile 357
[2021.01.23-22.59.38:080][  0]LogShaderCompilers: Display: Worker (2/3): shaders left to compile 356
[2021.01.23-22.59.38:080][  0]LogShaderCompilers: Display: Worker (3/3): shaders left to compile 355
[2021.01.23-22.59.38:080][  0]LogShaderCompilers: Display: Worker (3/3): shaders left to compile 354
[2021.01.23-22.59.38:638][  0]LogShaderCompilers: Display: Worker (1/3): shaders left to compile 353
[2021.01.23-22.59.38:638][  0]LogShaderCompilers: Display: Worker (2/3): shaders left to compile 352
[2021.01.23-22.59.38:638][  0]LogShaderCompilers: Display: Worker (3/3): shaders left to compile 351
[2021.01.23-22.59.38:638][  0]LogShaderCompilers: Display: Worker (2/3): shaders left to compile 350
[2021.01.23-22.59.38:638][  0]LogShaderCompilers: Display: Worker (1/3): shaders left to compile 349
[2021.01.23-22.59.38:638][  0]LogShaderCompilers: Display: Worker (3/3): shaders left to compile 348
[2021.01.23-22.59.38:638][  0]LogShaderCompilers: Display: Worker (2/3): shaders left to compile 347
[2021.01.23-22.59.38:638][  0]LogShaderCompilers: Display: Worker (1/3): shaders left to compile 346
[2021.01.23-22.59.38:638][  0]LogShaderCompilers: Display: Worker (3/3): shaders left to compile 345
[2021.01.23-22.59.38:638][  0]LogShaderCompilers: Display: Worker (2/3): shaders left to compile 344
[2021.01.23-22.59.38:638][  0]LogShaderCompilers: Display: Worker (1/3): shaders left to compile 343
[2021.01.23-22.59.38:638][  0]LogShaderCompilers: Display: Worker (3/3): shaders left to compile 342
[2021.01.23-22.59.38:638][  0]LogShaderCompilers: Display: Worker (1/3): shaders left to compile 341
[2021.01.23-22.59.38:638][  0]LogShaderCompilers: Display: Worker (3/3): shaders left to compile 340
[2021.01.23-22.59.39:198][  0]LogShaderCompilers: Display: Worker (1/3): shaders left to compile 339
[2021.01.23-22.59.39:198][  0]LogShaderCompilers: Display: Worker (3/3): shaders left to compile 338
[2021.01.23-22.59.39:198][  0]LogShaderCompilers: Display: Worker (2/3): shaders left to compile 337
[2021.01.23-22.59.39:198][  0]LogShaderCompilers: Display: Worker (1/3): shaders left to compile 336
[2021.01.23-22.59.39:198][  0]LogShaderCompilers: Display: Worker (3/3): shaders left to compile 335
[2021.01.23-22.59.39:198][  0]LogShaderCompilers: Display: Worker (2/3): shaders left to compile 334
[2021.01.23-22.59.39:198][  0]LogShaderCompilers: Display: Worker (3/3): shaders left to compile 333
[2021.01.23-22.59.39:198][  0]LogShaderCompilers: Display: Worker (1/3): shaders left to compile 332
[2021.01.23-22.59.39:198][  0]LogShaderCompilers: Display: Worker (2/3): shaders left to compile 331
[2021.01.23-22.59.39:198][  0]LogShaderCompilers: Display: Worker (3/3): shaders left to compile 330
[2021.01.23-22.59.39:198][  0]LogShaderCompilers: Display: Worker (1/3): shaders left to compile 329
[2021.01.23-22.59.39:198][  0]LogShaderCompilers: Display: Worker (2/3): shaders left to compile 328
[2021.01.23-22.59.39:198][  0]LogShaderCompilers: Display: Worker (2/3): shaders left to compile 327
[2021.01.23-22.59.39:198][  0]LogShaderCompilers: Display: Worker (3/3): shaders left to compile 326
[2021.01.23-22.59.39:752][  0]LogShaderCompilers: Display: Worker (1/3): shaders left to compile 325
[2021.01.23-22.59.39:752][  0]LogShaderCompilers: Display: Worker (3/3): shaders left to compile 324
[2021.01.23-22.59.39:752][  0]LogShaderCompilers: Display: Worker (2/3): shaders left to compile 323
[2021.01.23-22.59.39:752][  0]LogShaderCompilers: Display: Worker (1/3): shaders left to compile 322
[2021.01.23-22.59.39:752][  0]LogShaderCompilers: Display: Worker (2/3): shaders left to compile 321
[2021.01.23-22.59.39:752][  0]LogShaderCompilers: Display: Worker (1/3): shaders left to compile 320
[2021.01.23-22.59.39:752][  0]LogShaderCompilers: Display: Worker (3/3): shaders left to compile 319
[2021.01.23-22.59.39:752][  0]LogShaderCompilers: Display: Worker (2/3): shaders left to compile 318
[2021.01.23-22.59.39:752][  0]LogShaderCompilers: Display: Worker (1/3): shaders left to compile 317
[2021.01.23-22.59.39:752][  0]LogShaderCompilers: Display: Worker (3/3): shaders left to compile 316
[2021.01.23-22.59.39:752][  0]LogShaderCompilers: Display: Worker (2/3): shaders left to compile 315
[2021.01.23-22.59.39:752][  0]LogShaderCompilers: Display: Worker (1/3): shaders left to compile 314
[2021.01.23-22.59.39:752][  0]LogShaderCompilers: Display: Worker (3/3): shaders left to compile 313
[2021.01.23-22.59.39:752][  0]LogShaderCompilers: Display: Worker (2/3): shaders left to compile 312
[2021.01.23-22.59.39:752][  0]LogShaderCompilers: Display: Worker (1/3): shaders left to compile 311
[2021.01.23-22.59.39:752][  0]LogShaderCompilers: Display: Worker (3/3): shaders left to compile 310
[2021.01.23-22.59.39:752][  0]LogShaderCompilers: Display: Worker (2/3): shaders left to compile 309
[2021.01.23-22.59.40:311][  0]LogShaderCompilers: Display: Worker (3/3): shaders left to compile 308
[2021.01.23-22.59.40:311][  0]LogShaderCompilers: Display: Worker (1/3): shaders left to compile 307
[2021.01.23-22.59.40:311][  0]LogShaderCompilers: Display: Worker (2/3): shaders left to compile 306
[2021.01.23-22.59.40:311][  0]LogShaderCompilers: Display: Worker (3/3): shaders left to compile 305
[2021.01.23-22.59.40:311][  0]LogShaderCompilers: Display: Worker (1/3): shaders left to compile 304
[2021.01.23-22.59.40:311][  0]LogShaderCompilers: Display: Worker (2/3): shaders left to compile 303
[2021.01.23-22.59.40:311][  0]LogShaderCompilers: Display: Worker (3/3): shaders left to compile 302
[2021.01.23-22.59.40:311][  0]LogShaderCompilers: Display: Worker (1/3): shaders left to compile 301
[2021.01.23-22.59.40:311][  0]LogShaderCompilers: Display: Worker (2/3): shaders left to compile 300
[2021.01.23-22.59.40:311][  0]LogShaderCompilers: Display: Worker (3/3): shaders left to compile 299
[2021.01.23-22.59.40:311][  0]LogShaderCompilers: Display: Worker (1/3): shaders left to compile 298
[2021.01.23-22.59.40:311][  0]LogShaderCompilers: Display: Worker (2/3): shaders left to compile 297
[2021.01.23-22.59.40:311][  0]LogShaderCompilers: Display: Worker (3/3): shaders left to compile 296
[2021.01.23-22.59.40:311][  0]LogShaderCompilers: Display: Worker (1/3): shaders left to compile 295
[2021.01.23-22.59.40:311][  0]LogShaderCompilers: Display: Worker (2/3): shaders left to compile 294
[2021.01.23-22.59.40:311][  0]LogShaderCompilers: Display: Worker (3/3): shaders left to compile 293
[2021.01.23-22.59.40:311][  0]LogShaderCompilers: Display: Worker (1/3): shaders left to compile 292
[2021.01.23-22.59.40:311][  0]LogShaderCompilers: Display: Worker (2/3): shaders left to compile 291
[2021.01.23-22.59.40:868][  0]LogShaderCompilers: Display: Worker (3/3): shaders left to compile 290
[2021.01.23-22.59.40:868][  0]LogShaderCompilers: Display: Worker (1/3): shaders left to compile 289
[2021.01.23-22.59.40:868][  0]LogShaderCompilers: Display: Worker (2/3): shaders left to compile 288
[2021.01.23-22.59.40:868][  0]LogShaderCompilers: Display: Worker (3/3): shaders left to compile 287
[2021.01.23-22.59.40:868][  0]LogShaderCompilers: Display: Worker (1/3): shaders left to compile 286
[2021.01.23-22.59.40:868][  0]LogShaderCompilers: Display: Worker (3/3): shaders left to compile 285
[2021.01.23-22.59.40:868][  0]LogShaderCompilers: Display: Worker (1/3): shaders left to compile 284
[2021.01.23-22.59.40:868][  0]LogShaderCompilers: Display: Worker (2/3): shaders left to compile 283
[2021.01.23-22.59.40:868][  0]LogShaderCompilers: Display: Worker (3/3): shaders left to compile 282
[2021.01.23-22.59.40:868][  0]LogShaderCompilers: Display: Worker (1/3): shaders left to compile 281
[2021.01.23-22.59.40:868][  0]LogShaderCompilers: Display: Worker (2/3): shaders left to compile 280
[2021.01.23-22.59.40:868][  0]LogShaderCompilers: Display: Worker (3/3): shaders left to compile 279
[2021.01.23-22.59.40:868][  0]LogShaderCompilers: Display: Worker (1/3): shaders left to compile 278
[2021.01.23-22.59.40:868][  0]LogShaderCompilers: Display: Worker (2/3): shaders left to compile 277
[2021.01.23-22.59.40:868][  0]LogShaderCompilers: Display: Worker (3/3): shaders left to compile 276
[2021.01.23-22.59.40:868][  0]LogShaderCompilers: Display: Worker (1/3): shaders left to compile 275
[2021.01.23-22.59.41:426][  0]LogShaderCompilers: Display: Worker (2/3): shaders left to compile 274
[2021.01.23-22.59.41:426][  0]LogShaderCompilers: Display: Worker (3/3): shaders left to compile 273
[2021.01.23-22.59.41:426][  0]LogShaderCompilers: Display: Worker (1/3): shaders left to compile 272
[2021.01.23-22.59.41:426][  0]LogShaderCompilers: Display: Worker (2/3): shaders left to compile 271
[2021.01.23-22.59.41:426][  0]LogShaderCompilers: Display: Worker (3/3): shaders left to compile 270
[2021.01.23-22.59.41:426][  0]LogShaderCompilers: Display: Worker (1/3): shaders left to compile 269
[2021.01.23-22.59.41:426][  0]LogShaderCompilers: Display: Worker (2/3): shaders left to compile 268
[2021.01.23-22.59.41:426][  0]LogShaderCompilers: Display: Worker (3/3): shaders left to compile 267
[2021.01.23-22.59.41:426][  0]LogShaderCompilers: Display: Worker (1/3): shaders left to compile 266
[2021.01.23-22.59.41:426][  0]LogShaderCompilers: Display: Worker (2/3): shaders left to compile 265
[2021.01.23-22.59.41:426][  0]LogShaderCompilers: Display: Worker (3/3): shaders left to compile 264
[2021.01.23-22.59.41:426][  0]LogShaderCompilers: Display: Worker (1/3): shaders left to compile 263
[2021.01.23-22.59.41:426][  0]LogShaderCompilers: Display: Worker (2/3): shaders left to compile 262
[2021.01.23-22.59.41:426][  0]LogShaderCompilers: Display: Worker (3/3): shaders left to compile 261
[2021.01.23-22.59.41:985][  0]LogShaderCompilers: Display: Worker (1/3): shaders left to compile 260
[2021.01.23-22.59.41:985][  0]LogShaderCompilers: Display: Worker (2/3): shaders left to compile 259
[2021.01.23-22.59.41:985][  0]LogShaderCompilers: Display: Worker (3/3): shaders left to compile 258
[2021.01.23-22.59.41:985][  0]LogShaderCompilers: Display: Worker (1/3): shaders left to compile 257
[2021.01.23-22.59.41:985][  0]LogShaderCompilers: Display: Worker (2/3): shaders left to compile 256
[2021.01.23-22.59.41:985][  0]LogShaderCompilers: Display: Worker (3/3): shaders left to compile 255
[2021.01.23-22.59.41:985][  0]LogShaderCompilers: Display: Worker (1/3): shaders left to compile 254
[2021.01.23-22.59.41:985][  0]LogShaderCompilers: Display: Worker (2/3): shaders left to compile 253
[2021.01.23-22.59.41:985][  0]LogShaderCompilers: Display: Worker (3/3): shaders left to compile 252
[2021.01.23-22.59.41:985][  0]LogShaderCompilers: Display: Worker (1/3): shaders left to compile 251
[2021.01.23-22.59.41:985][  0]LogShaderCompilers: Display: Worker (2/3): shaders left to compile 250
[2021.01.23-22.59.41:985][  0]LogShaderCompilers: Display: Worker (3/3): shaders left to compile 249
[2021.01.23-22.59.41:985][  0]LogShaderCompilers: Display: Worker (1/3): shaders left to compile 248
[2021.01.23-22.59.41:985][  0]LogShaderCompilers: Display: Worker (2/3): shaders left to compile 247
[2021.01.23-22.59.41:985][  0]LogShaderCompilers: Display: Worker (3/3): shaders left to compile 246
